<?xml version="1.0" encoding="UTF-8" ?>
<testsuite errors="0" failures="1" hostname="chi" name="CrawlerTest" tests="3" time="0.208" timestamp="2013-12-12T00:48:56">
  <properties>
    <property name="java.vendor" value="Oracle Corporation" />
    <property name="env.USERDOMAIN_ROAMINGPROFILE" value="chi" />
    <property name="sun.java.launcher" value="SUN_STANDARD" />
    <property name="sun.management.compiler" value="HotSpot 64-Bit Tiered Compilers" />
    <property name="env.PROMPT" value="$P$G" />
    <property name="dist" value="D:\Program\JAVA\LOS_HW1\dist" />
    <property name="os.name" value="Windows 8" />
    <property name="env.FP_NO_HOST_CHECK" value="NO" />
    <property name="sun.boot.class.path" value="C:\Program Files\Java\jdk1.7.0_45\jre\lib\resources.jar;C:\Program Files\Java\jdk1.7.0_45\jre\lib\rt.jar;C:\Program Files\Java\jdk1.7.0_45\jre\lib\sunrsasign.jar;C:\Program Files\Java\jdk1.7.0_45\jre\lib\jsse.jar;C:\Program Files\Java\jdk1.7.0_45\jre\lib\jce.jar;C:\Program Files\Java\jdk1.7.0_45\jre\lib\charsets.jar;C:\Program Files\Java\jdk1.7.0_45\jre\lib\jfr.jar;C:\Program Files\Java\jdk1.7.0_45\jre\classes" />
    <property name="env.COMPUTERNAME" value="CHI" />
    <property name="env.CommonProgramW6432" value="C:\Program Files\Common Files" />
    <property name="env.ALLUSERSPROFILE" value="C:\ProgramData" />
    <property name="sun.desktop" value="windows" />
    <property name="java.vm.specification.vendor" value="Oracle Corporation" />
    <property name="ant.home" value="D:\eclipse\plugins\org.apache.ant_1.8.3.v201301120609" />
    <property name="java.runtime.version" value="1.7.0_45-b18" />
    <property name="env.HOMEPATH" value="\Users\士懷" />
    <property name="user.name" value="chi" />
    <property name="env.NIEXTCCOMPILERSUPP" value="C:\Program Files (x86)\National Instruments\Shared\ExternalCompilerSupport\C\" />
    <property name="env.QTJAVA" value="C:\Program Files (x86)\QuickTime\QTSystem\QTJava.zip" />
    <property name="user.language" value="zh" />
    <property name="sun.boot.library.path" value="C:\Program Files\Java\jdk1.7.0_45\jre\bin" />
    <property name="ant.project.default-target" value="build" />
    <property name="ant.project.name" value="LOS_HW1" />
    <property name="java.version" value="1.7.0_45" />
    <property name="env.PROCESSOR_IDENTIFIER" value="Intel64 Family 6 Model 58 Stepping 9, GenuineIntel" />
    <property name="user.timezone" value="" />
    <property name="env.asl.log" value="Destination=file" />
    <property name="env.TEMP" value="C:\Users\士懷\AppData\Local\Temp" />
    <property name="sun.arch.data.model" value="64" />
    <property name="ant.file.LOS_HW1" value="D:\Program\JAVA\LOS_HW1\build.xml" />
    <property name="java.endorsed.dirs" value="C:\Program Files\Java\jdk1.7.0_45\jre\lib\endorsed" />
    <property name="sun.cpu.isalist" value="amd64" />
    <property name="env.HOMEDRIVE" value="C:" />
    <property name="sun.jnu.encoding" value="MS950" />
    <property name="file.encoding.pkg" value="sun.io" />
    <property name="file.separator" value="\" />
    <property name="java.specification.name" value="Java Platform API Specification" />
    <property name="java.class.version" value="51.0" />
    <property name="user.country" value="TW" />
    <property name="java.home" value="C:\Program Files\Java\jdk1.7.0_45\jre" />
    <property name="env.PSModulePath" value="C:\WINDOWS\system32\WindowsPowerShell\v1.0\Modules\" />
    <property name="env.APPDATA" value="C:\Users\士懷\AppData\Roaming" />
    <property name="env.PUBLIC" value="C:\Users\Public" />
    <property name="java.vm.info" value="mixed mode" />
    <property name="env.ComSpec" value="C:\WINDOWS\system32\cmd.exe" />
    <property name="env.OS" value="Windows_NT" />
    <property name="env.CommonProgramFiles" value="C:\Program Files\Common Files" />
    <property name="ant.file" value="D:\Program\JAVA\LOS_HW1\build.xml" />
    <property name="os.version" value="6.2" />
    <property name="env.ProgramW6432" value="C:\Program Files" />
    <property name="path.separator" value=";" />
    <property name="java.vm.version" value="24.45-b08" />
    <property name="user.variant" value="" />
    <property name="env.USERPROFILE" value="C:\Users\士懷" />
    <property name="ant.library.dir" value="D:\eclipse\plugins\org.apache.ant_1.8.3.v201301120609\lib" />
    <property name="junit.output.dir" value="junit" />
    <property name="env.JAVA_HOME" value="C:\Program Files\Java\jdk1.7.0_45" />
    <property name="java.awt.printerjob" value="sun.awt.windows.WPrinterJob" />
    <property name="env.TMP" value="C:\Users\士懷\AppData\Local\Temp" />
    <property name="sun.io.unicode.encoding" value="UnicodeLittle" />
    <property name="awt.toolkit" value="sun.awt.windows.WToolkit" />
    <property name="user.script" value="" />
    <property name="user.home" value="C:\Users\士懷" />
    <property name="target" value="1.7" />
    <property name="env.ProgramData" value="C:\ProgramData" />
    <property name="env.SESSIONNAME" value="Console" />
    <property name="env.ProgramFiles(x86)" value="C:\Program Files (x86)" />
    <property name="java.specification.vendor" value="Oracle Corporation" />
    <property name="env.CLASSPATH" value=".;C:\Program Files (x86)\QuickTime\QTSystem\QTJava.zip" />
    <property name="java.vendor.url" value="http://java.oracle.com/" />
    <property name="java.library.path" value="C:\Program Files\Java\jdk1.7.0_45\jre\bin;C:\WINDOWS\Sun\Java\bin;C:\WINDOWS\system32;C:\WINDOWS;C:/Program Files/Java/jdk1.7.0_45/bin/../jre/bin/server;C:/Program Files/Java/jdk1.7.0_45/bin/../jre/bin;C:/Program Files/Java/jdk1.7.0_45/bin/../jre/lib/amd64;C:\Program Files (x86)\NVIDIA Corporation\PhysX\Common;C:\Program Files (x86)\Intel\iCLS Client\;C:\Program Files\Intel\iCLS Client\;C:\WINDOWS\system32;C:\WINDOWS;C:\WINDOWS\System32\Wbem;C:\WINDOWS\System32\WindowsPowerShell\v1.0\;C:\Program Files (x86)\EgisTec MyWinLocker\x64;C:\Program Files (x86)\EgisTec MyWinLocker\;C:\Program Files (x86)\Intel\OpenCL SDK\2.0\bin\x86;C:\Program Files (x86)\Intel\OpenCL SDK\2.0\bin\x64;C:\Program Files\Intel\Intel(R) Management Engine Components\DAL;C:\Program Files\Intel\Intel(R) Management Engine Components\IPT;C:\Program Files (x86)\Intel\Intel(R) Management Engine Components\DAL;C:\Program Files (x86)\Intel\Intel(R) Management Engine Components\IPT;C:\Program Files\MATLAB\R2012b\runtime\win64;C:\Program Files\MATLAB\R2012b\bin;C:\Program Files (x86)\QuickTime\QTSystem\;C:\Program Files (x86)\IVI Foundation\VISA\WinNT\Bin;C:\Program Files (x86)\CodeBlocks\MinGW\bin;C:\Program Files\Java\jdk1.7.0_45\bin;C:\apache-ant-1.9.2\bin;C:\AppServ\Apache2.2\bin;C:\AppServ\php5;C:\AppServ\MySQL\bin;;D:\eclipse;;." />
    <property name="env.NUMBER_OF_PROCESSORS" value="4" />
    <property name="java.vm.vendor" value="Oracle Corporation" />
    <property name="env.VXIPNPPATH" value="C:\Program Files (x86)\IVI Foundation\VISA\" />
    <property name="java.runtime.name" value="Java(TM) SE Runtime Environment" />
    <property name="ant.version" value="Apache Ant(TM) version 1.8.3 compiled on February 26 2012" />
    <property name="java.class.path" value="D:\Program\JAVA\LOS_HW1\bin;D:\Program\JAVA\LOS_HW1\libs\hamcrest-core-1.3.jar;D:\Program\JAVA\LOS_HW1\libs\junit-4.11.jar;D:\Program\JAVA\LOS_HW1\libs\mysql-connector-java.jar;D:\Program\JAVA\LOS_HW1;C:\Program Files (x86)\QuickTime\QTSystem\QTJava.zip;D:\eclipse\plugins\org.apache.ant_1.8.3.v201301120609\lib\ant-launcher.jar;D:\eclipse\plugins\org.apache.ant_1.8.3.v201301120609\lib\ant.jar;D:\eclipse\plugins\org.apache.ant_1.8.3.v201301120609\lib\ant-junit.jar;D:\eclipse\plugins\org.apache.ant_1.8.3.v201301120609\lib\ant-junit4.jar" />
    <property name="sun.java.command" value="org.apache.tools.ant.taskdefs.optional.junit.JUnitTestRunner CrawlerTest filtertrace=true haltOnError=false haltOnFailure=false formatter=org.apache.tools.ant.taskdefs.optional.junit.OutErrSummaryJUnitResultFormatter showoutput=false outputtoformatters=true logfailedtests=true logtestlistenerevents=false formatter=org.apache.tools.ant.taskdefs.optional.junit.XMLJUnitResultFormatter,D:\Program\JAVA\LOS_HW1\junit\TEST-CrawlerTest.xml crashfile=D:\Program\JAVA\LOS_HW1\junitvmwatcher8467341575913368583.properties propsfile=D:\Program\JAVA\LOS_HW1\junit7835699102395474978.properties" />
    <property name="java.vm.specification.name" value="Java Virtual Machine Specification" />
    <property name="env.windir" value="C:\WINDOWS" />
    <property name="env.LOGONSERVER" value="\\CHI" />
    <property name="env.PROCESSOR_ARCHITECTURE" value="AMD64" />
    <property name="java.vm.specification.version" value="1.7" />
    <property name="sun.os.patch.level" value="" />
    <property name="sun.cpu.endian" value="little" />
    <property name="debuglevel" value="source,lines,vars" />
    <property name="env.ProgramFiles" value="C:\Program Files" />
    <property name="env.ANT_HOME" value="D:\eclipse\plugins\org.apache.ant_1.8.3.v201301120609" />
    <property name="env.PROCESSOR_REVISION" value="3a09" />
    <property name="java.io.tmpdir" value="C:\Users\士懷\AppData\Local\Temp\" />
    <property name="env.CommonProgramFiles(x86)" value="C:\Program Files (x86)\Common Files" />
    <property name="java.vendor.url.bug" value="http://bugreport.sun.com/bugreport/" />
    <property name="env.SystemRoot" value="C:\WINDOWS" />
    <property name="java.awt.graphicsenv" value="sun.awt.Win32GraphicsEnvironment" />
    <property name="os.arch" value="amd64" />
    <property name="java.ext.dirs" value="C:\Program Files\Java\jdk1.7.0_45\jre\lib\ext;C:\WINDOWS\Sun\Java\lib\ext" />
    <property name="user.dir" value="D:\Program\JAVA\LOS_HW1" />
    <property name="env.LOCALAPPDATA" value="C:\Users\士懷\AppData\Local" />
    <property name="line.separator" value="&#xd;&#xa;" />
    <property name="java.vm.name" value="Java HotSpot(TM) 64-Bit Server VM" />
    <property name="env.PATHEXT" value=".COM;.EXE;.BAT;.CMD;.VBS;.VBE;.JS;.JSE;.WSF;.WSH;.MSC" />
    <property name="ant.file.type.LOS_HW1" value="file" />
    <property name="env.Path" value="C:/Program Files/Java/jdk1.7.0_45/bin/../jre/bin/server;C:/Program Files/Java/jdk1.7.0_45/bin/../jre/bin;C:/Program Files/Java/jdk1.7.0_45/bin/../jre/lib/amd64;C:\Program Files (x86)\NVIDIA Corporation\PhysX\Common;C:\Program Files (x86)\Intel\iCLS Client\;C:\Program Files\Intel\iCLS Client\;C:\WINDOWS\system32;C:\WINDOWS;C:\WINDOWS\System32\Wbem;C:\WINDOWS\System32\WindowsPowerShell\v1.0\;C:\Program Files (x86)\EgisTec MyWinLocker\x64;C:\Program Files (x86)\EgisTec MyWinLocker\;C:\Program Files (x86)\Intel\OpenCL SDK\2.0\bin\x86;C:\Program Files (x86)\Intel\OpenCL SDK\2.0\bin\x64;C:\Program Files\Intel\Intel(R) Management Engine Components\DAL;C:\Program Files\Intel\Intel(R) Management Engine Components\IPT;C:\Program Files (x86)\Intel\Intel(R) Management Engine Components\DAL;C:\Program Files (x86)\Intel\Intel(R) Management Engine Components\IPT;C:\Program Files\MATLAB\R2012b\runtime\win64;C:\Program Files\MATLAB\R2012b\bin;C:\Program Files (x86)\QuickTime\QTSystem\;C:\Program Files (x86)\IVI Foundation\VISA\WinNT\Bin;C:\Program Files (x86)\CodeBlocks\MinGW\bin;C:\Program Files\Java\jdk1.7.0_45\bin;C:\apache-ant-1.9.2\bin;C:\AppServ\Apache2.2\bin;C:\AppServ\php5;C:\AppServ\MySQL\bin;;D:\eclipse;" />
    <property name="basedir" value="D:\Program\JAVA\LOS_HW1" />
    <property name="ant.java.version" value="1.7" />
    <property name="ant.core.lib" value="D:\eclipse\plugins\org.apache.ant_1.8.3.v201301120609\lib\ant.jar" />
    <property name="env.USERNAME" value="chi" />
    <property name="source" value="1.7" />
    <property name="env.SystemDrive" value="C:" />
    <property name="file.encoding" value="MS950" />
    <property name="env.USERDOMAIN" value="chi" />
    <property name="java.specification.version" value="1.7" />
    <property name="ant.project.invoked-targets" value="build-project,init,CrawlerTest" />
    <property name="env.PROCESSOR_LEVEL" value="6" />
  </properties>
  <testcase classname="CrawlerTest" name="testconnecter" time="0.09" />
  <testcase classname="CrawlerTest" name="testspliter" time="0.062" />
  <testcase classname="CrawlerTest" name="testmySQL_storage" time="0.005">
    <failure message="單元測試尚未撰寫" type="junit.framework.AssertionFailedError">junit.framework.AssertionFailedError: 單元測試尚未撰寫
	at CrawlerTest.testmySQL_storage(CrawlerTest.java:31)
</failure>
  </testcase>
  <system-out><![CDATA[  					<h3><a href="/news/20131212/304332.htm">瘋電影／雷神索爾2：黑暗世界　處處驚喜梗梗出奇 </a></h3>
  					<h3><a href="/news/20131212/306107.htm">馬又口誤「TPP說成PTT」　網友：原來總統也是鄉民啊！ </a></h3>
  					<h3><a href="/news/20131212/305931.htm">寒冬冷颼颼！　室內羽球正發燒 </a></h3>
  					<h3><a href="/news/20131212/306108.htm">日月明功前學員爆：退會簽切結書，洩密「會被車撞死」 </a></h3>
  					<h3><a href="/news/20131212/305822.htm">挪威跨海公路　大西洋上賞美景 </a></h3>
  					<h3><a href="/news/20131212/305896.htm">榕樹學堂訊／傻伯勞不傻了 </a></h3>
  					<h3><a href="/news/20131212/306102.htm">只夠開10輛戰車　裝甲兵「要1077人來41人」達成率4% </a></h3>
  					<h3><a href="/news/20131212/306096.htm">新世紀扶輪社　樂扮聖誕老人送愛到宜蘭 </a></h3>
  					<h3><a href="/news/20131212/306095.htm">韓流來襲！　《主君的太陽》、《繼承者們》新春攻台 </a></h3>
  					<h3><a href="/news/20131212/306093.htm">遭林美秀狂呼巴掌打腫臉　王為脫光光飆罵：野種 </a></h3>
  					<h3><a href="/news/20131212/306081.htm">20歲英國小清新蓋艾琳　慘遭恐怖癡情人「收藏癖」騷擾 </a></h3>
  					<h3><a href="/news/20131212/306112.htm">1212財經早報頭版頭條 </a></h3>
  					<h3><a href="/news/20131212/306111.htm">1212四大報頭版頭條 募不到兵 裝甲兵要千人來41人 </a></h3>
  					<h3><a href="/news/20131212/306100.htm">圓仔借過！六福村喜迎小白虎3兄弟　閉眼撒嬌Q到破表 </a></h3>
  					<h3><a href="/news/20131212/306097.htm">教宗方濟當選《TIME》時代雜誌2013年度風雲人物 </a></h3>
  					<h3><a href="/news/20131212/303900.htm">不為自己發聲的台灣勞工，等於讓公司的黑鍋找機會掉到你背上！ </a></h3>
  					<h3><a href="/news/20131212/306067.htm">二殯借和平高中校地停車　民政局保證：靈車不會入校 </a></h3>
  					<h3><a href="/news/20131212/306091.htm">美國研究：高中生外貌中上成績好　太帥太正不吃香！ </a></h3>
  					<h3><a href="/news/20131212/306075.htm">假冒？悼曼德拉手語譯者亂比　聾啞團體怒：正確度零 </a></h3>
  					<h3><a href="/news/20131212/306009.htm">「詭異西洋棋」真鼠標本製　女藝術家：還要再做一套 </a></h3>
  					<h3><a href="/news/20131212/306092.htm">毒害後勁溪輕罰60萬　年營收2千億日月光90秒賺回 </a></h3>
  					<h3><a href="/news/20131212/306026.htm">偏遠！台東尚德村郵局三天派送一次　只能看「過期報」 </a></h3>
  					<h3><a href="/news/20131212/306008.htm">日月光酸毀後勁溪農田！高市採樣送檢「安全才准採收」 </a></h3>
  					<h3><a href="/news/20131212/306085.htm">抓包日月光K11廠違規設備　疑超排廢水再罰12萬元！ </a></h3>
  					<h3><a href="/news/20131212/306022.htm">彰化高三生遭虐死　高大成：連粥都沒得吃，活活餓死 </a></h3>
  					<h3><a href="/news/20131212/305964.htm">花店姑娘遭遇「奇葩小偷」　竊走花束後留下480元致歉 </a></h3>
  					<h3><a href="/news/20131212/306025.htm">大陸發布全球首台　自主研發雲端電腦「紫光1000」 </a></h3>
  					<h3><a href="/news/20131212/306011.htm">華裔爆乳高材生劉璇璇　數理腦玩撲克贏超過5000萬 </a></h3>
  					<h3><a href="/news/20131212/306089.htm">北京對烏克蘭提供核保護有多重意義 </a></h3>
  					<h3><a href="/news/20131212/306087.htm">蘇主席也可、也應一起硬起來 </a></h3>
瘋電影／雷神索爾2：黑暗世界　處處驚喜梗梗出奇 
馬又口誤「TPP說成PTT」　網友：原來總統也是鄉民啊！ 
寒冬冷颼颼！　室內羽球正發燒 
日月明功前學員爆：退會簽切結書，洩密「會被車撞死」 
挪威跨海公路　大西洋上賞美景 
榕樹學堂訊／傻伯勞不傻了 
只夠開10輛戰車　裝甲兵「要1077人來41人」達成率4% 
新世紀扶輪社　樂扮聖誕老人送愛到宜蘭 
韓流來襲！　《主君的太陽》、《繼承者們》新春攻台 
遭林美秀狂呼巴掌打腫臉　王為脫光光飆罵：野種 
20歲英國小清新蓋艾琳　慘遭恐怖癡情人「收藏癖」騷擾 
1212財經早報頭版頭條 
1212四大報頭版頭條 募不到兵 裝甲兵要千人來41人 
圓仔借過！六福村喜迎小白虎3兄弟　閉眼撒嬌Q到破表 
教宗方濟當選《TIME》時代雜誌2013年度風雲人物 
不為自己發聲的台灣勞工，等於讓公司的黑鍋找機會掉到你背上！ 
二殯借和平高中校地停車　民政局保證：靈車不會入校 
美國研究：高中生外貌中上成績好　太帥太正不吃香！ 
假冒？悼曼德拉手語譯者亂比　聾啞團體怒：正確度零 
「詭異西洋棋」真鼠標本製　女藝術家：還要再做一套 
毒害後勁溪輕罰60萬　年營收2千億日月光90秒賺回 
偏遠！台東尚德村郵局三天派送一次　只能看「過期報」 
日月光酸毀後勁溪農田！高市採樣送檢「安全才准採收」 
抓包日月光K11廠違規設備　疑超排廢水再罰12萬元！ 
彰化高三生遭虐死　高大成：連粥都沒得吃，活活餓死 
花店姑娘遭遇「奇葩小偷」　竊走花束後留下480元致歉 
大陸發布全球首台　自主研發雲端電腦「紫光1000」 
華裔爆乳高材生劉璇璇　數理腦玩撲克贏超過5000萬 
北京對烏克蘭提供核保護有多重意義 
蘇主席也可、也應一起硬起來 
]]></system-out>
  <system-err><![CDATA[]]></system-err>
</testsuite>
